<?xml version="1.0" encoding="UTF-8"?>
<!-- Generated by org.testng.reporters.JUnitXMLReporter -->
<testsuite hostname="USER-PC" name="Free_CRM_App_Test" tests="9" failures="0" timestamp="4 Nov 2020 07:30:25 GMT" time="211.099" errors="0">
  <testcase name="forgotpassword_button_displayed" time="0.102" classname="com.testcases.Login_Test"/>
  <testcase name="login" time="0.667" classname="com.testcases.Login_Test"/>
  <testcase name="login_pagetitle" time="0.009" classname="com.testcases.Login_Test"/>
  <testcase name="click_contacts" time="4.881" classname="com.testcases.Home_Test"/>
  <testcase name="click_deals" time="4.024" classname="com.testcases.Home_Test"/>
  <testcase name="verify_homepage_title" time="0.016" classname="com.testcases.Home_Test"/>
  <testcase name="verify_username_text" time="2.072" classname="com.testcases.Home_Test"/>
  <testcase name="verify_Category" time="3.144" classname="com.testcases.Contacts_Test"/>
  <testcase name="click_new_button" time="0.155" classname="com.testcases.Deals_Test"/>
</testsuite> <!-- Free_CRM_App_Test -->
