<?xml version="1.0" encoding="UTF-8"?>
<!-- Generated by org.testng.reporters.JUnitXMLReporter -->
<testsuite hostname="USER-PC" name="Default test" tests="3" failures="0" timestamp="2 Nov 2020 13:16:44 GMT" time="61.853" errors="0">
  <testcase name="forgotpassword_button_displayed" time="0.098" classname="com.testcases.Login_Page$Login_Test"/>
  <testcase name="login" time="0.526" classname="com.testcases.Login_Page$Login_Test"/>
  <testcase name="login_pagetitle" time="0.009" classname="com.testcases.Login_Page$Login_Test"/>
</testsuite> <!-- Default test -->
