<?xml version="1.0" encoding="UTF-8"?>
<testng-results skipped="0" failed="0" total="1" passed="1">
  <reporter-output>
  </reporter-output>
  <suite name="Default suite" duration-ms="20453" started-at="2020-11-03T07:58:25Z" finished-at="2020-11-03T07:58:45Z">
    <groups>
    </groups>
    <test name="Default test" duration-ms="20453" started-at="2020-11-03T07:58:25Z" finished-at="2020-11-03T07:58:45Z">
      <class name="com.testcases.Home_Test">
        <test-method status="PASS" signature="setup()[pri:0, instance:com.testcases.Home_Test@1aeed2f]" name="setup" is-config="true" duration-ms="20395" started-at="2020-11-03T13:28:25Z" finished-at="2020-11-03T13:28:45Z">
          <reporter-output>
          </reporter-output>
        </test-method> <!-- setup -->
        <test-method status="PASS" signature="verify_homepage_title()[pri:0, instance:com.testcases.Home_Test@1aeed2f]" name="verify_homepage_title" duration-ms="31" started-at="2020-11-03T13:28:45Z" finished-at="2020-11-03T13:28:45Z">
          <reporter-output>
          </reporter-output>
        </test-method> <!-- verify_homepage_title -->
      </class> <!-- com.testcases.Home_Test -->
    </test> <!-- Default test -->
  </suite> <!-- Default suite -->
</testng-results>
