<?xml version="1.0" encoding="UTF-8"?>
<testng-results skipped="0" failed="0" total="3" passed="3">
  <reporter-output>
  </reporter-output>
  <suite name="Default suite" duration-ms="61853" started-at="2020-11-02T13:15:42Z" finished-at="2020-11-02T13:16:44Z">
    <groups>
    </groups>
    <test name="Default test" duration-ms="61853" started-at="2020-11-02T13:15:42Z" finished-at="2020-11-02T13:16:44Z">
      <class name="com.testcases.Login_Page$Login_Test">
        <test-method status="PASS" signature="setup()[pri:0, instance:com.testcases.Login_Page$Login_Test@78c730]" name="setup" is-config="true" duration-ms="21729" started-at="2020-11-02T18:45:42Z" finished-at="2020-11-02T18:46:04Z">
          <reporter-output>
          </reporter-output>
        </test-method> <!-- setup -->
        <test-method status="PASS" signature="forgotpassword_button_displayed()[pri:0, instance:com.testcases.Login_Page$Login_Test@78c730]" name="forgotpassword_button_displayed" duration-ms="98" started-at="2020-11-02T18:46:04Z" finished-at="2020-11-02T18:46:04Z">
          <reporter-output>
          </reporter-output>
        </test-method> <!-- forgotpassword_button_displayed -->
        <test-method status="PASS" signature="shutdown()[pri:0, instance:com.testcases.Login_Page$Login_Test@78c730]" name="shutdown" is-config="true" duration-ms="1422" started-at="2020-11-02T18:46:04Z" finished-at="2020-11-02T18:46:06Z">
          <reporter-output>
          </reporter-output>
        </test-method> <!-- shutdown -->
        <test-method status="PASS" signature="setup()[pri:0, instance:com.testcases.Login_Page$Login_Test@78c730]" name="setup" is-config="true" duration-ms="15409" started-at="2020-11-02T18:46:06Z" finished-at="2020-11-02T18:46:21Z">
          <reporter-output>
          </reporter-output>
        </test-method> <!-- setup -->
        <test-method status="PASS" signature="login()[pri:0, instance:com.testcases.Login_Page$Login_Test@78c730]" name="login" duration-ms="526" started-at="2020-11-02T18:46:21Z" finished-at="2020-11-02T18:46:22Z">
          <reporter-output>
          </reporter-output>
        </test-method> <!-- login -->
        <test-method status="PASS" signature="shutdown()[pri:0, instance:com.testcases.Login_Page$Login_Test@78c730]" name="shutdown" is-config="true" duration-ms="1101" started-at="2020-11-02T18:46:22Z" finished-at="2020-11-02T18:46:23Z">
          <reporter-output>
          </reporter-output>
        </test-method> <!-- shutdown -->
        <test-method status="PASS" signature="setup()[pri:0, instance:com.testcases.Login_Page$Login_Test@78c730]" name="setup" is-config="true" duration-ms="20310" started-at="2020-11-02T18:46:23Z" finished-at="2020-11-02T18:46:43Z">
          <reporter-output>
          </reporter-output>
        </test-method> <!-- setup -->
        <test-method status="PASS" signature="login_pagetitle()[pri:0, instance:com.testcases.Login_Page$Login_Test@78c730]" name="login_pagetitle" duration-ms="9" started-at="2020-11-02T18:46:43Z" finished-at="2020-11-02T18:46:43Z">
          <reporter-output>
          </reporter-output>
        </test-method> <!-- login_pagetitle -->
        <test-method status="PASS" signature="shutdown()[pri:0, instance:com.testcases.Login_Page$Login_Test@78c730]" name="shutdown" is-config="true" duration-ms="1222" started-at="2020-11-02T18:46:43Z" finished-at="2020-11-02T18:46:44Z">
          <reporter-output>
          </reporter-output>
        </test-method> <!-- shutdown -->
      </class> <!-- com.testcases.Login_Page$Login_Test -->
    </test> <!-- Default test -->
  </suite> <!-- Default suite -->
</testng-results>
